2025-08-04T10:14:16.490+09:00  INFO 90382 --- [main] c.b.ordersystem.OrdersystemApplication   : Starting OrdersystemApplication using Java 17.0.15 with PID 90382 (/Users/eunsung/Documents/Hanwah_Beyond_16/Spring/ordersystem/build/classes/java/main started by eunsung in /Users/eunsung/Documents/Hanwah_Beyond_16/Spring/ordersystem)
2025-08-04T10:14:16.491+09:00  INFO 90382 --- [main] c.b.ordersystem.OrdersystemApplication   : The following 1 profile is active: "prod"
2025-08-04T10:14:16.862+09:00  INFO 90382 --- [main] .s.d.r.c.RepositoryConfigurationDelegate : Multiple Spring Data modules found, entering strict repository configuration mode
2025-08-04T10:14:16.863+09:00  INFO 90382 --- [main] .s.d.r.c.RepositoryConfigurationDelegate : Bootstrapping Spring Data JPA repositories in DEFAULT mode.
2025-08-04T10:14:16.932+09:00  INFO 90382 --- [main] .s.d.r.c.RepositoryConfigurationDelegate : Finished Spring Data repository scanning in 65 ms. Found 4 JPA repository interfaces.
2025-08-04T10:14:16.939+09:00  INFO 90382 --- [main] .s.d.r.c.RepositoryConfigurationDelegate : Multiple Spring Data modules found, entering strict repository configuration mode
2025-08-04T10:14:16.940+09:00  INFO 90382 --- [main] .s.d.r.c.RepositoryConfigurationDelegate : Bootstrapping Spring Data Redis repositories in DEFAULT mode.
2025-08-04T10:14:16.946+09:00  INFO 90382 --- [main] .RepositoryConfigurationExtensionSupport : Spring Data Redis - Could not safely identify store assignment for repository candidate interface com.beyond.ordersystem.member.repository.MemberRepository; If you want this repository to be a Redis repository, consider annotating your entities with one of these annotations: org.springframework.data.redis.core.RedisHash (preferred), or consider extending one of the following types with your repository: org.springframework.data.keyvalue.repository.KeyValueRepository
2025-08-04T10:14:16.946+09:00  INFO 90382 --- [main] .RepositoryConfigurationExtensionSupport : Spring Data Redis - Could not safely identify store assignment for repository candidate interface com.beyond.ordersystem.ordering.repository.OrderingDetailRepository; If you want this repository to be a Redis repository, consider annotating your entities with one of these annotations: org.springframework.data.redis.core.RedisHash (preferred), or consider extending one of the following types with your repository: org.springframework.data.keyvalue.repository.KeyValueRepository
2025-08-04T10:14:16.946+09:00  INFO 90382 --- [main] .RepositoryConfigurationExtensionSupport : Spring Data Redis - Could not safely identify store assignment for repository candidate interface com.beyond.ordersystem.ordering.repository.OrderingRepository; If you want this repository to be a Redis repository, consider annotating your entities with one of these annotations: org.springframework.data.redis.core.RedisHash (preferred), or consider extending one of the following types with your repository: org.springframework.data.keyvalue.repository.KeyValueRepository
2025-08-04T10:14:16.947+09:00  INFO 90382 --- [main] .RepositoryConfigurationExtensionSupport : Spring Data Redis - Could not safely identify store assignment for repository candidate interface com.beyond.ordersystem.product.repository.ProductRepository; If you want this repository to be a Redis repository, consider annotating your entities with one of these annotations: org.springframework.data.redis.core.RedisHash (preferred), or consider extending one of the following types with your repository: org.springframework.data.keyvalue.repository.KeyValueRepository
2025-08-04T10:14:16.947+09:00  INFO 90382 --- [main] .s.d.r.c.RepositoryConfigurationDelegate : Finished Spring Data repository scanning in 3 ms. Found 0 Redis repository interfaces.
2025-08-04T10:14:17.220+09:00  INFO 90382 --- [main] o.s.b.w.embedded.tomcat.TomcatWebServer  : Tomcat initialized with port 8080 (http)
2025-08-04T10:14:17.227+09:00  INFO 90382 --- [main] o.apache.catalina.core.StandardService   : Starting service [Tomcat]
2025-08-04T10:14:17.227+09:00  INFO 90382 --- [main] o.apache.catalina.core.StandardEngine    : Starting Servlet engine: [Apache Tomcat/10.1.43]
2025-08-04T10:14:17.255+09:00  INFO 90382 --- [main] o.a.c.c.C.[Tomcat].[localhost].[/]       : Initializing Spring embedded WebApplicationContext
2025-08-04T10:14:17.255+09:00  INFO 90382 --- [main] w.s.c.ServletWebServerApplicationContext : Root WebApplicationContext: initialization completed in 748 ms
2025-08-04T10:14:17.334+09:00  INFO 90382 --- [main] o.hibernate.jpa.internal.util.LogHelper  : HHH000204: Processing PersistenceUnitInfo [name: default]
2025-08-04T10:14:17.356+09:00  INFO 90382 --- [main] org.hibernate.Version                    : HHH000412: Hibernate ORM core version 6.6.22.Final
2025-08-04T10:14:17.369+09:00  INFO 90382 --- [main] o.h.c.internal.RegionFactoryInitiator    : HHH000026: Second-level cache disabled
2025-08-04T10:14:17.462+09:00  INFO 90382 --- [main] o.s.o.j.p.SpringPersistenceUnitInfo      : No LoadTimeWeaver setup: ignoring JPA class transformer
2025-08-04T10:14:17.473+09:00  INFO 90382 --- [main] com.zaxxer.hikari.HikariDataSource       : HikariPool-1 - Starting...
2025-08-04T10:14:17.514+09:00  INFO 90382 --- [main] com.zaxxer.hikari.pool.HikariPool        : HikariPool-1 - Added connection org.mariadb.jdbc.Connection@3dec79f8
2025-08-04T10:14:17.514+09:00  INFO 90382 --- [main] com.zaxxer.hikari.HikariDataSource       : HikariPool-1 - Start completed.
2025-08-04T10:14:17.527+09:00  WARN 90382 --- [main] org.hibernate.orm.deprecation            : HHH90000025: MariaDBDialect does not need to be specified explicitly using 'hibernate.dialect' (remove the property setting and it will be selected by default)
2025-08-04T10:14:17.538+09:00  INFO 90382 --- [main] org.hibernate.orm.connections.pooling    : HHH10001005: Database info:
	Database JDBC URL [Connecting through datasource 'HikariDataSource (HikariPool-1)']
	Database driver: undefined/unknown
	Database version: 11.8.2
	Autocommit mode: undefined/unknown
	Isolation level: undefined/unknown
	Minimum pool size: undefined/unknown
	Maximum pool size: undefined/unknown
2025-08-04T10:14:17.884+09:00  INFO 90382 --- [main] o.h.e.t.j.p.i.JtaPlatformInitiator       : HHH000489: No JTA platform available (set 'hibernate.transaction.jta.platform' to enable JTA platform integration)
2025-08-04T10:14:18.428+09:00  INFO 90382 --- [main] j.LocalContainerEntityManagerFactoryBean : Initialized JPA EntityManagerFactory for persistence unit 'default'
2025-08-04T10:14:19.093+09:00  WARN 90382 --- [main] JpaBaseConfiguration$JpaWebConfiguration : spring.jpa.open-in-view is enabled by default. Therefore, database queries may be performed during view rendering. Explicitly configure spring.jpa.open-in-view to disable this warning
2025-08-04T10:14:19.110+09:00  WARN 90382 --- [main] .s.s.UserDetailsServiceAutoConfiguration : 

Using generated security password: 6e47764e-268e-4af1-ac81-eb78961e482f

This generated password is for development use only. Your security configuration must be updated before running your application in production.

2025-08-04T10:14:19.112+09:00  INFO 90382 --- [main] r$InitializeUserDetailsManagerConfigurer : Global AuthenticationManager configured with UserDetailsService bean with name inMemoryUserDetailsManager
2025-08-04T10:14:19.426+09:00  INFO 90382 --- [main] o.s.b.w.embedded.tomcat.TomcatWebServer  : Tomcat started on port 8080 (http) with context path '/'
2025-08-04T10:14:19.428+09:00  INFO 90382 --- [main] o.s.a.r.c.CachingConnectionFactory       : Attempting to connect to: localhost:5672
2025-08-04T10:14:19.451+09:00  INFO 90382 --- [main] o.s.a.r.c.CachingConnectionFactory       : Created new connection: connectionFactory#1ff65426:0/SimpleConnection@763960eb [delegate=amqp://guest@127.0.0.1:5672/, localPort=59874]
2025-08-04T10:14:19.478+09:00  INFO 90382 --- [main] c.b.ordersystem.OrdersystemApplication   : Started OrdersystemApplication in 3.192 seconds (process running for 3.43)
2025-08-04T10:14:30.167+09:00  INFO 90382 --- [org.springframework.amqp.rabbit.RabbitListenerEndpointContainer#0-2] o.s.a.r.l.SimpleMessageListenerContainer : Waiting for workers to finish.
2025-08-04T10:14:30.520+09:00  INFO 90382 --- [org.springframework.amqp.rabbit.RabbitListenerEndpointContainer#0-2] o.s.a.r.l.SimpleMessageListenerContainer : Successfully waited for workers to finish.
2025-08-04T10:14:30.521+09:00  INFO 90382 --- [SpringApplicationShutdownHook] o.s.b.w.e.tomcat.GracefulShutdown        : Commencing graceful shutdown. Waiting for active requests to complete
2025-08-04T10:14:30.528+09:00  INFO 90382 --- [tomcat-shutdown] o.s.b.w.e.tomcat.GracefulShutdown        : Graceful shutdown complete
2025-08-04T10:14:30.758+09:00  INFO 90382 --- [SpringApplicationShutdownHook] j.LocalContainerEntityManagerFactoryBean : Closing JPA EntityManagerFactory for persistence unit 'default'
2025-08-04T10:14:30.767+09:00  INFO 90382 --- [SpringApplicationShutdownHook] com.zaxxer.hikari.HikariDataSource       : HikariPool-1 - Shutdown initiated...
2025-08-04T10:14:30.773+09:00  INFO 90382 --- [SpringApplicationShutdownHook] com.zaxxer.hikari.HikariDataSource       : HikariPool-1 - Shutdown completed.
2025-08-216 10:22 o.h.validator.internal.util.Version-HV000001: Hibernate Validator 8.0.2.Final
2025-08-216 10:22 c.b.o.OrdersystemApplication-Starting OrdersystemApplication using Java 17.0.15 with PID 91565 (/Users/eunsung/Documents/Hanwah_Beyond_16/Spring/ordersystem/build/classes/java/main started by eunsung in /Users/eunsung/Documents/Hanwah_Beyond_16/Spring/ordersystem)
2025-08-216 10:22 c.b.o.OrdersystemApplication-The following 1 profile is active: "prod"
2025-08-216 10:22 o.s.d.r.c.RepositoryConfigurationDelegate-Multiple Spring Data modules found, entering strict repository configuration mode
2025-08-216 10:22 o.s.d.r.c.RepositoryConfigurationDelegate-Bootstrapping Spring Data JPA repositories in DEFAULT mode.
2025-08-216 10:22 o.s.d.r.c.RepositoryConfigurationDelegate-Finished Spring Data repository scanning in 63 ms. Found 4 JPA repository interfaces.
2025-08-216 10:22 o.s.d.r.c.RepositoryConfigurationDelegate-Multiple Spring Data modules found, entering strict repository configuration mode
2025-08-216 10:22 o.s.d.r.c.RepositoryConfigurationDelegate-Bootstrapping Spring Data Redis repositories in DEFAULT mode.
2025-08-216 10:22 o.s.d.r.c.RepositoryConfigurationExtensionSupport-Spring Data Redis - Could not safely identify store assignment for repository candidate interface com.beyond.ordersystem.member.repository.MemberRepository; If you want this repository to be a Redis repository, consider annotating your entities with one of these annotations: org.springframework.data.redis.core.RedisHash (preferred), or consider extending one of the following types with your repository: org.springframework.data.keyvalue.repository.KeyValueRepository
2025-08-216 10:22 o.s.d.r.c.RepositoryConfigurationExtensionSupport-Spring Data Redis - Could not safely identify store assignment for repository candidate interface com.beyond.ordersystem.ordering.repository.OrderingDetailRepository; If you want this repository to be a Redis repository, consider annotating your entities with one of these annotations: org.springframework.data.redis.core.RedisHash (preferred), or consider extending one of the following types with your repository: org.springframework.data.keyvalue.repository.KeyValueRepository
2025-08-216 10:22 o.s.d.r.c.RepositoryConfigurationExtensionSupport-Spring Data Redis - Could not safely identify store assignment for repository candidate interface com.beyond.ordersystem.ordering.repository.OrderingRepository; If you want this repository to be a Redis repository, consider annotating your entities with one of these annotations: org.springframework.data.redis.core.RedisHash (preferred), or consider extending one of the following types with your repository: org.springframework.data.keyvalue.repository.KeyValueRepository
2025-08-216 10:22 o.s.d.r.c.RepositoryConfigurationExtensionSupport-Spring Data Redis - Could not safely identify store assignment for repository candidate interface com.beyond.ordersystem.product.repository.ProductRepository; If you want this repository to be a Redis repository, consider annotating your entities with one of these annotations: org.springframework.data.redis.core.RedisHash (preferred), or consider extending one of the following types with your repository: org.springframework.data.keyvalue.repository.KeyValueRepository
2025-08-216 10:22 o.s.d.r.c.RepositoryConfigurationDelegate-Finished Spring Data repository scanning in 3 ms. Found 0 Redis repository interfaces.
2025-08-216 10:22 o.s.b.w.e.tomcat.TomcatWebServer-Tomcat initialized with port 8080 (http)
2025-08-216 10:22 o.a.coyote.http11.Http11NioProtocol-Initializing ProtocolHandler ["http-nio-8080"]
2025-08-216 10:22 o.a.catalina.core.StandardService-Starting service [Tomcat]
2025-08-216 10:22 o.a.catalina.core.StandardEngine-Starting Servlet engine: [Apache Tomcat/10.1.43]
2025-08-216 10:22 o.a.c.c.C.[Tomcat].[localhost].[/]-Initializing Spring embedded WebApplicationContext
2025-08-216 10:22 o.s.b.w.s.c.ServletWebServerApplicationContext-Root WebApplicationContext: initialization completed in 723 ms
2025-08-216 10:22 o.h.jpa.internal.util.LogHelper-HHH000204: Processing PersistenceUnitInfo [name: default]
2025-08-216 10:22 org.hibernate.Version-HHH000412: Hibernate ORM core version 6.6.22.Final
2025-08-216 10:22 o.h.c.i.RegionFactoryInitiator-HHH000026: Second-level cache disabled
2025-08-216 10:22 o.s.o.j.p.SpringPersistenceUnitInfo-No LoadTimeWeaver setup: ignoring JPA class transformer
2025-08-216 10:22 com.zaxxer.hikari.HikariDataSource-HikariPool-1 - Starting...
2025-08-216 10:22 com.zaxxer.hikari.pool.HikariPool-HikariPool-1 - Added connection org.mariadb.jdbc.Connection@26612078
2025-08-216 10:22 com.zaxxer.hikari.HikariDataSource-HikariPool-1 - Start completed.
2025-08-216 10:22 org.hibernate.orm.deprecation-HHH90000025: MariaDBDialect does not need to be specified explicitly using 'hibernate.dialect' (remove the property setting and it will be selected by default)
2025-08-216 10:22 o.hibernate.orm.connections.pooling-HHH10001005: Database info:
	Database JDBC URL [Connecting through datasource 'HikariDataSource (HikariPool-1)']
	Database driver: undefined/unknown
	Database version: 11.8.2
	Autocommit mode: undefined/unknown
	Isolation level: undefined/unknown
	Minimum pool size: undefined/unknown
	Maximum pool size: undefined/unknown
2025-08-216 10:22 o.h.e.t.j.p.i.JtaPlatformInitiator-HHH000489: No JTA platform available (set 'hibernate.transaction.jta.platform' to enable JTA platform integration)
2025-08-216 10:22 o.s.o.j.LocalContainerEntityManagerFactoryBean-Initialized JPA EntityManagerFactory for persistence unit 'default'
2025-08-216 10:22 o.s.b.a.o.j.JpaBaseConfiguration$JpaWebConfiguration-spring.jpa.open-in-view is enabled by default. Therefore, database queries may be performed during view rendering. Explicitly configure spring.jpa.open-in-view to disable this warning
2025-08-216 10:22 o.s.b.a.s.s.UserDetailsServiceAutoConfiguration-

Using generated security password: 4c4cc2f2-55ec-43bb-b71a-17f98396c4d7

This generated password is for development use only. Your security configuration must be updated before running your application in production.

2025-08-216 10:22 o.s.s.c.a.a.c.InitializeUserDetailsBeanManagerConfigurer$InitializeUserDetailsManagerConfigurer-Global AuthenticationManager configured with UserDetailsService bean with name inMemoryUserDetailsManager
2025-08-216 10:22 o.a.coyote.http11.Http11NioProtocol-Starting ProtocolHandler ["http-nio-8080"]
2025-08-216 10:22 o.s.b.w.e.tomcat.TomcatWebServer-Tomcat started on port 8080 (http) with context path '/'
2025-08-216 10:22 o.s.a.r.c.CachingConnectionFactory-Attempting to connect to: localhost:5672
2025-08-216 10:22 o.s.a.r.c.CachingConnectionFactory-Created new connection: connectionFactory#4cce421e:0/SimpleConnection@293918f9 [delegate=amqp://guest@127.0.0.1:5672/, localPort=62203]
2025-08-216 10:22 c.b.o.OrdersystemApplication-Started OrdersystemApplication in 3.186 seconds (process running for 3.5)
2025-08-216 10:23 o.a.c.c.C.[Tomcat].[localhost].[/]-Initializing Spring DispatcherServlet 'dispatcherServlet'
2025-08-216 10:23 o.s.web.servlet.DispatcherServlet-Initializing Servlet 'dispatcherServlet'
2025-08-216 10:23 o.s.web.servlet.DispatcherServlet-Completed initialization in 4 ms
2025-08-216 10:23 c.b.o.common.auth.JwtTokenFilter-JWT expired at 2025-08-04T01:13:17Z. Current time: 2025-08-04T01:23:11Z, a difference of 594611 milliseconds.  Allowed clock skew: 0 milliseconds.
2025-08-216 10:23 c.b.o.common.auth.JwtTokenFilter-JWT expired at 2025-08-04T01:13:17Z. Current time: 2025-08-04T01:23:11Z, a difference of 594625 milliseconds.  Allowed clock skew: 0 milliseconds.
2025-08-216 10:23 o.s.a.r.l.SimpleMessageListenerContainer-Waiting for workers to finish.
2025-08-216 10:23 o.s.a.r.l.SimpleMessageListenerContainer-Successfully waited for workers to finish.
2025-08-216 10:23 o.s.b.w.e.tomcat.GracefulShutdown-Commencing graceful shutdown. Waiting for active requests to complete
2025-08-216 10:23 o.s.b.w.e.tomcat.GracefulShutdown-Graceful shutdown complete
2025-08-216 10:23 o.s.o.j.LocalContainerEntityManagerFactoryBean-Closing JPA EntityManagerFactory for persistence unit 'default'
2025-08-216 10:23 com.zaxxer.hikari.HikariDataSource-HikariPool-1 - Shutdown initiated...
2025-08-216 10:23 com.zaxxer.hikari.HikariDataSource-HikariPool-1 - Shutdown completed.
