2025-08-220 15:50 o.h.validator.internal.util.Version-HV000001: Hibernate Validator 8.0.2.Final
2025-08-220 15:50 c.b.o.OrdersystemApplication-Starting OrdersystemApplication using Java 17.0.15 with PID 36311 (/Users/eunsung/Documents/Hanwah_Beyond_16/Spring/ordersystem/build/classes/java/main started by eunsung in /Users/eunsung/Documents/Hanwah_Beyond_16/Spring/ordersystem)
2025-08-220 15:50 c.b.o.OrdersystemApplication-The following 1 profile is active: "prod"
2025-08-220 15:50 o.s.d.r.c.RepositoryConfigurationDelegate-Multiple Spring Data modules found, entering strict repository configuration mode
2025-08-220 15:50 o.s.d.r.c.RepositoryConfigurationDelegate-Bootstrapping Spring Data JPA repositories in DEFAULT mode.
2025-08-220 15:50 o.s.d.r.c.RepositoryConfigurationDelegate-Finished Spring Data repository scanning in 64 ms. Found 4 JPA repository interfaces.
2025-08-220 15:50 o.s.d.r.c.RepositoryConfigurationDelegate-Multiple Spring Data modules found, entering strict repository configuration mode
2025-08-220 15:50 o.s.d.r.c.RepositoryConfigurationDelegate-Bootstrapping Spring Data Redis repositories in DEFAULT mode.
2025-08-220 15:50 o.s.d.r.c.RepositoryConfigurationExtensionSupport-Spring Data Redis - Could not safely identify store assignment for repository candidate interface com.beyond.ordersystem.member.repository.MemberRepository; If you want this repository to be a Redis repository, consider annotating your entities with one of these annotations: org.springframework.data.redis.core.RedisHash (preferred), or consider extending one of the following types with your repository: org.springframework.data.keyvalue.repository.KeyValueRepository
2025-08-220 15:50 o.s.d.r.c.RepositoryConfigurationExtensionSupport-Spring Data Redis - Could not safely identify store assignment for repository candidate interface com.beyond.ordersystem.ordering.repository.OrderingDetailRepository; If you want this repository to be a Redis repository, consider annotating your entities with one of these annotations: org.springframework.data.redis.core.RedisHash (preferred), or consider extending one of the following types with your repository: org.springframework.data.keyvalue.repository.KeyValueRepository
2025-08-220 15:50 o.s.d.r.c.RepositoryConfigurationExtensionSupport-Spring Data Redis - Could not safely identify store assignment for repository candidate interface com.beyond.ordersystem.ordering.repository.OrderingRepository; If you want this repository to be a Redis repository, consider annotating your entities with one of these annotations: org.springframework.data.redis.core.RedisHash (preferred), or consider extending one of the following types with your repository: org.springframework.data.keyvalue.repository.KeyValueRepository
2025-08-220 15:50 o.s.d.r.c.RepositoryConfigurationExtensionSupport-Spring Data Redis - Could not safely identify store assignment for repository candidate interface com.beyond.ordersystem.product.repository.ProductRepository; If you want this repository to be a Redis repository, consider annotating your entities with one of these annotations: org.springframework.data.redis.core.RedisHash (preferred), or consider extending one of the following types with your repository: org.springframework.data.keyvalue.repository.KeyValueRepository
2025-08-220 15:50 o.s.d.r.c.RepositoryConfigurationDelegate-Finished Spring Data repository scanning in 3 ms. Found 0 Redis repository interfaces.
2025-08-220 15:50 o.s.b.w.e.tomcat.TomcatWebServer-Tomcat initialized with port 8080 (http)
2025-08-220 15:50 o.a.coyote.http11.Http11NioProtocol-Initializing ProtocolHandler ["http-nio-8080"]
2025-08-220 15:50 o.a.catalina.core.StandardService-Starting service [Tomcat]
2025-08-220 15:50 o.a.catalina.core.StandardEngine-Starting Servlet engine: [Apache Tomcat/10.1.43]
2025-08-220 15:50 o.a.c.c.C.[Tomcat].[localhost].[/]-Initializing Spring embedded WebApplicationContext
2025-08-220 15:50 o.s.b.w.s.c.ServletWebServerApplicationContext-Root WebApplicationContext: initialization completed in 709 ms
2025-08-220 15:50 o.h.jpa.internal.util.LogHelper-HHH000204: Processing PersistenceUnitInfo [name: default]
2025-08-220 15:50 org.hibernate.Version-HHH000412: Hibernate ORM core version 6.6.22.Final
2025-08-220 15:50 o.h.c.i.RegionFactoryInitiator-HHH000026: Second-level cache disabled
2025-08-220 15:50 o.s.o.j.p.SpringPersistenceUnitInfo-No LoadTimeWeaver setup: ignoring JPA class transformer
2025-08-220 15:50 com.zaxxer.hikari.HikariDataSource-HikariPool-1 - Starting...
2025-08-220 15:50 com.zaxxer.hikari.pool.HikariPool-HikariPool-1 - Added connection org.mariadb.jdbc.Connection@1cab19e2
2025-08-220 15:50 com.zaxxer.hikari.HikariDataSource-HikariPool-1 - Start completed.
2025-08-220 15:50 org.hibernate.orm.deprecation-HHH90000025: MariaDBDialect does not need to be specified explicitly using 'hibernate.dialect' (remove the property setting and it will be selected by default)
2025-08-220 15:50 o.hibernate.orm.connections.pooling-HHH10001005: Database info:
	Database JDBC URL [Connecting through datasource 'HikariDataSource (HikariPool-1)']
	Database driver: undefined/unknown
	Database version: 11.8.2
	Autocommit mode: undefined/unknown
	Isolation level: undefined/unknown
	Minimum pool size: undefined/unknown
	Maximum pool size: undefined/unknown
2025-08-220 15:50 o.h.e.t.j.p.i.JtaPlatformInitiator-HHH000489: No JTA platform available (set 'hibernate.transaction.jta.platform' to enable JTA platform integration)
2025-08-220 15:50 o.s.o.j.LocalContainerEntityManagerFactoryBean-Initialized JPA EntityManagerFactory for persistence unit 'default'
2025-08-220 15:50 o.s.b.a.o.j.JpaBaseConfiguration$JpaWebConfiguration-spring.jpa.open-in-view is enabled by default. Therefore, database queries may be performed during view rendering. Explicitly configure spring.jpa.open-in-view to disable this warning
2025-08-220 15:50 o.s.b.a.s.s.UserDetailsServiceAutoConfiguration-

Using generated security password: 5ced37c9-a484-4c89-a509-57861aa37608

This generated password is for development use only. Your security configuration must be updated before running your application in production.

2025-08-220 15:50 o.s.s.c.a.a.c.InitializeUserDetailsBeanManagerConfigurer$InitializeUserDetailsManagerConfigurer-Global AuthenticationManager configured with UserDetailsService bean with name inMemoryUserDetailsManager
2025-08-220 15:50 o.a.coyote.http11.Http11NioProtocol-Starting ProtocolHandler ["http-nio-8080"]
2025-08-220 15:50 o.s.b.w.e.tomcat.TomcatWebServer-Tomcat started on port 8080 (http) with context path '/'
2025-08-220 15:50 o.s.a.r.c.CachingConnectionFactory-Attempting to connect to: localhost:5672
2025-08-220 15:50 o.s.a.r.c.CachingConnectionFactory-Created new connection: connectionFactory#355da59c:0/SimpleConnection@6e5091b0 [delegate=amqp://guest@127.0.0.1:5672/, localPort=53995]
2025-08-220 15:50 c.b.o.OrdersystemApplication-Started OrdersystemApplication in 3.199 seconds (process running for 3.478)
2025-08-220 16:21 o.a.c.c.C.[Tomcat].[localhost].[/]-Initializing Spring DispatcherServlet 'dispatcherServlet'
2025-08-220 16:21 o.s.web.servlet.DispatcherServlet-Initializing Servlet 'dispatcherServlet'
2025-08-220 16:21 o.s.web.servlet.DispatcherServlet-Completed initialization in 4 ms
2025-08-220 16:21 c.b.o.c.s.CommonExceptionHandler-중복되는 이메일입니다.
2025-08-220 16:22 c.b.o.c.s.CommonExceptionHandler-중복되는 이메일입니다.
2025-08-220 16:23 c.b.o.c.s.CommonExceptionHandler-중복되는 이메일입니다.
2025-08-220 16:28 c.b.o.c.s.CommonExceptionHandler-이름이 비어있습니다.
2025-08-220 16:31 c.b.o.c.s.CommonExceptionHandler-이메일이 비어있습니다.
2025-08-220 16:31 c.b.o.c.s.CommonExceptionHandler-이메일이 비어있습니다.
2025-08-220 16:32 c.b.o.c.s.CommonExceptionHandler-이메일이 비어있습니다.
2025-08-220 16:32 c.b.o.c.s.CommonExceptionHandler-이메일이 비어있습니다.
2025-08-220 16:32 c.b.o.c.s.CommonExceptionHandler-이름이 비어있습니다.
2025-08-220 16:33 c.b.o.c.s.CommonExceptionHandler-이메일이 비어있습니다.
2025-08-220 16:33 c.b.o.c.s.CommonExceptionHandler-이름이 비어있습니다.
2025-08-220 16:33 c.b.o.c.s.CommonExceptionHandler-이름이 비어있습니다.
2025-08-220 16:33 c.b.o.c.s.CommonExceptionHandler-이메일이 비어있습니다.
2025-08-220 16:33 c.b.o.c.s.CommonExceptionHandler-비밀번호가 비어있습니다.
2025-08-220 16:33 c.b.o.c.s.CommonExceptionHandler-비밀번호가 너무 짧습니다.
2025-08-220 16:33 c.b.o.c.s.CommonExceptionHandler-중복되는 이메일입니다.
2025-08-220 16:44 c.b.o.c.s.CommonExceptionHandler-중복되는 이메일입니다.
2025-08-220 16:44 c.b.o.c.s.CommonExceptionHandler-비밀번호가 너무 짧습니다.
2025-08-220 16:44 c.b.o.c.s.CommonExceptionHandler-비밀번호가 비어있습니다.
2025-08-220 16:44 c.b.o.c.s.CommonExceptionHandler-비밀번호가 너무 짧습니다.
2025-08-220 16:45 c.b.o.c.s.CommonExceptionHandler-비밀번호가 너무 짧습니다.
2025-08-220 16:45 c.b.o.c.s.CommonExceptionHandler-중복되는 이메일입니다.
2025-08-220 16:47 c.b.o.c.s.CommonExceptionHandler-이메일이 비어있습니다.
2025-08-220 17:02 com.zaxxer.hikari.pool.HikariPool-HikariPool-1 - Retrograde clock change detected (housekeeper delta=29s581ms), soft-evicting connections from pool.
2025-08-220 17:46 o.s.a.r.l.SimpleMessageListenerContainer-Waiting for workers to finish.
2025-08-220 17:46 o.s.a.r.l.SimpleMessageListenerContainer-Successfully waited for workers to finish.
2025-08-220 17:46 o.s.b.w.e.tomcat.GracefulShutdown-Commencing graceful shutdown. Waiting for active requests to complete
2025-08-220 17:46 o.s.b.w.e.tomcat.GracefulShutdown-Graceful shutdown complete
2025-08-220 17:46 o.s.o.j.LocalContainerEntityManagerFactoryBean-Closing JPA EntityManagerFactory for persistence unit 'default'
2025-08-220 17:46 com.zaxxer.hikari.HikariDataSource-HikariPool-1 - Shutdown initiated...
2025-08-220 17:46 com.zaxxer.hikari.HikariDataSource-HikariPool-1 - Shutdown completed.
