2025-08-220 16:21 c.b.o.c.s.CommonExceptionHandler-중복되는 이메일입니다.
2025-08-220 16:22 c.b.o.c.s.CommonExceptionHandler-중복되는 이메일입니다.
2025-08-220 16:23 c.b.o.c.s.CommonExceptionHandler-중복되는 이메일입니다.
2025-08-220 16:28 c.b.o.c.s.CommonExceptionHandler-이름이 비어있습니다.
2025-08-220 16:31 c.b.o.c.s.CommonExceptionHandler-이메일이 비어있습니다.
2025-08-220 16:31 c.b.o.c.s.CommonExceptionHandler-이메일이 비어있습니다.
2025-08-220 16:32 c.b.o.c.s.CommonExceptionHandler-이메일이 비어있습니다.
2025-08-220 16:32 c.b.o.c.s.CommonExceptionHandler-이메일이 비어있습니다.
2025-08-220 16:32 c.b.o.c.s.CommonExceptionHandler-이름이 비어있습니다.
2025-08-220 16:33 c.b.o.c.s.CommonExceptionHandler-이메일이 비어있습니다.
2025-08-220 16:33 c.b.o.c.s.CommonExceptionHandler-이름이 비어있습니다.
2025-08-220 16:33 c.b.o.c.s.CommonExceptionHandler-이름이 비어있습니다.
2025-08-220 16:33 c.b.o.c.s.CommonExceptionHandler-이메일이 비어있습니다.
2025-08-220 16:33 c.b.o.c.s.CommonExceptionHandler-비밀번호가 비어있습니다.
2025-08-220 16:33 c.b.o.c.s.CommonExceptionHandler-비밀번호가 너무 짧습니다.
2025-08-220 16:33 c.b.o.c.s.CommonExceptionHandler-중복되는 이메일입니다.
2025-08-220 16:44 c.b.o.c.s.CommonExceptionHandler-중복되는 이메일입니다.
2025-08-220 16:44 c.b.o.c.s.CommonExceptionHandler-비밀번호가 너무 짧습니다.
2025-08-220 16:44 c.b.o.c.s.CommonExceptionHandler-비밀번호가 비어있습니다.
2025-08-220 16:44 c.b.o.c.s.CommonExceptionHandler-비밀번호가 너무 짧습니다.
2025-08-220 16:45 c.b.o.c.s.CommonExceptionHandler-비밀번호가 너무 짧습니다.
2025-08-220 16:45 c.b.o.c.s.CommonExceptionHandler-중복되는 이메일입니다.
2025-08-220 16:47 c.b.o.c.s.CommonExceptionHandler-이메일이 비어있습니다.
